c:\users\jurcol\desktop\flann\build\src\cpp\flann.dir\debug\vc140.pdb
c:\users\jurcol\desktop\flann\build\src\cpp\flann.dir\debug\flann.obj
c:\users\jurcol\desktop\flann\build\src\cpp\flann.dir\debug\lz4hc.obj
c:\users\jurcol\desktop\flann\build\src\cpp\flann.dir\debug\lz4.obj
c:\users\jurcol\desktop\flann\build\src\cpp\cmakefiles\generate.stamp
c:\users\jurcol\desktop\flann\build\lib\debug\flann.lib
c:\users\jurcol\desktop\flann\build\lib\debug\flann.exp
c:\users\jurcol\desktop\flann\build\lib\debug\flann.ilk
c:\users\jurcol\desktop\flann\build\lib\debug\flann.dll
c:\users\jurcol\desktop\flann\build\lib\debug\flann.pdb
c:\users\jurcol\desktop\flann\build\src\cpp\flann.dir\debug\flann.tlog\cl.command.1.tlog
c:\users\jurcol\desktop\flann\build\src\cpp\flann.dir\debug\flann.tlog\cl.read.1.tlog
c:\users\jurcol\desktop\flann\build\src\cpp\flann.dir\debug\flann.tlog\cl.write.1.tlog
c:\users\jurcol\desktop\flann\build\src\cpp\flann.dir\debug\flann.tlog\custombuild.command.1.tlog
c:\users\jurcol\desktop\flann\build\src\cpp\flann.dir\debug\flann.tlog\custombuild.read.1.tlog
c:\users\jurcol\desktop\flann\build\src\cpp\flann.dir\debug\flann.tlog\custombuild.write.1.tlog
c:\users\jurcol\desktop\flann\build\src\cpp\flann.dir\debug\flann.tlog\flann.write.1u.tlog
c:\users\jurcol\desktop\flann\build\src\cpp\flann.dir\debug\flann.tlog\link.command.1.tlog
c:\users\jurcol\desktop\flann\build\src\cpp\flann.dir\debug\flann.tlog\link.read.1.tlog
c:\users\jurcol\desktop\flann\build\src\cpp\flann.dir\debug\flann.tlog\link.write.1.tlog
